# JRE version: Java(TM) SE Runtime Environment (8.0_151-b12) (build 1.8.0_151-b12)
# Java VM: Java HotSpot(TM) 64-Bit Server VM (25.151-b12 mixed mode linux-amd64 compressed oops)
Heap:
 PSYoungGen      total 74752K, used 5600K [0x00000000f5900000, 0x00000000fa800000, 0x0000000100000000)
  eden space 69120K, 0% used [0x00000000f5900000,0x00000000f5900000,0x00000000f9c80000)
  from space 5632K, 99% used [0x00000000f9c80000,0x00000000fa1f8020,0x00000000fa200000)
  to   space 5120K, 0% used [0x00000000fa200000,0x00000000fa200000,0x00000000fa700000)
 ParOldGen       total 22016K, used 13646K [0x00000000e0a00000, 0x00000000e1f80000, 0x00000000f5900000)
  object space 22016K, 61% used [0x00000000e0a00000,0x00000000e1753898,0x00000000e1f80000)
 Metaspace       used 17140K, capacity 17470K, committed 17536K, reserved 1064960K
  class space    used 2031K, capacity 2143K, committed 2176K, reserved 1048576K
GC Heap History (10 events):
Event: 0.992 GC heap after
Heap after GC invocations=2 (full 0):
 PSYoungGen      total 18432K, used 1008K [0x00000000f5900000, 0x00000000f6c00000, 0x0000000100000000)
  eden space 17408K, 0% used [0x00000000f5900000,0x00000000f5900000,0x00000000f6a00000)
  from space 1024K, 98% used [0x00000000f6b00000,0x00000000f6bfc010,0x00000000f6c00000)
  to   space 1024K, 0% used [0x00000000f6a00000,0x00000000f6a00000,0x00000000f6b00000)
 ParOldGen       total 22016K, used 2780K [0x00000000e0a00000, 0x00000000e1f80000, 0x00000000f5900000)
  object space 22016K, 12% used [0x00000000e0a00000,0x00000000e0cb72c8,0x00000000e1f80000)
 Metaspace       used 7392K, capacity 7540K, committed 7680K, reserved 1056768K
  class space    used 906K, capacity 984K, committed 1024K, reserved 1048576K
}
Event: 1.423 GC heap before
{Heap before GC invocations=3 (full 0):
 PSYoungGen      total 18432K, used 18416K [0x00000000f5900000, 0x00000000f6c00000, 0x0000000100000000)
  eden space 17408K, 100% used [0x00000000f5900000,0x00000000f6a00000,0x00000000f6a00000)
  from space 1024K, 98% used [0x00000000f6b00000,0x00000000f6bfc010,0x00000000f6c00000)
  to   space 1024K, 0% used [0x00000000f6a00000,0x00000000f6a00000,0x00000000f6b00000)
 ParOldGen       total 22016K, used 2780K [0x00000000e0a00000, 0x00000000e1f80000, 0x00000000f5900000)
  object space 22016K, 12% used [0x00000000e0a00000,0x00000000e0cb72c8,0x00000000e1f80000)
 Metaspace       used 8364K, capacity 8570K, committed 8832K, reserved 1056768K
  class space    used 1035K, capacity 1113K, committed 1152K, reserved 1048576K
Event: 1.456 GC heap after
Heap after GC invocations=3 (full 0):
 PSYoungGen      total 18432K, used 1024K [0x00000000f5900000, 0x00000000f7d00000, 0x0000000100000000)
  eden space 17408K, 0% used [0x00000000f5900000,0x00000000f5900000,0x00000000f6a00000)
  from space 1024K, 100% used [0x00000000f6a00000,0x00000000f6b00000,0x00000000f6b00000)
  to   space 1024K, 0% used [0x00000000f7c00000,0x00000000f7c00000,0x00000000f7d00000)
 ParOldGen       total 22016K, used 4483K [0x00000000e0a00000, 0x00000000e1f80000, 0x00000000f5900000)
  object space 22016K, 20% used [0x00000000e0a00000,0x00000000e0e60dd8,0x00000000e1f80000)
 Metaspace       used 8364K, capacity 8570K, committed 8832K, reserved 1056768K
  class space    used 1035K, capacity 1113K, committed 1152K, reserved 1048576K
}
Event: 1.824 GC heap before
{Heap before GC invocations=4 (full 0):
 PSYoungGen      total 18432K, used 18432K [0x00000000f5900000, 0x00000000f7d00000, 0x0000000100000000)
  eden space 17408K, 100% used [0x00000000f5900000,0x00000000f6a00000,0x00000000f6a00000)
  from space 1024K, 100% used [0x00000000f6a00000,0x00000000f6b00000,0x00000000f6b00000)
  to   space 1024K, 0% used [0x00000000f7c00000,0x00000000f7c00000,0x00000000f7d00000)
 ParOldGen       total 22016K, used 4483K [0x00000000e0a00000, 0x00000000e1f80000, 0x00000000f5900000)
  object space 22016K, 20% used [0x00000000e0a00000,0x00000000e0e60dd8,0x00000000e1f80000)
 Metaspace       used 10583K, capacity 10742K, committed 11008K, reserved 1058816K
  class space    used 1327K, capacity 1411K, committed 1536K, reserved 1048576K
Event: 1.844 GC heap after
Heap after GC invocations=4 (full 0):
 PSYoungGen      total 35840K, used 1008K [0x00000000f5900000, 0x00000000f7d00000, 0x0000000100000000)
  eden space 34816K, 0% used [0x00000000f5900000,0x00000000f5900000,0x00000000f7b00000)
  from space 1024K, 98% used [0x00000000f7c00000,0x00000000f7cfc010,0x00000000f7d00000)
  to   space 1024K, 0% used [0x00000000f7b00000,0x00000000f7b00000,0x00000000f7c00000)
 ParOldGen       total 22016K, used 7393K [0x00000000e0a00000, 0x00000000e1f80000, 0x00000000f5900000)
  object space 22016K, 33% used [0x00000000e0a00000,0x00000000e1138648,0x00000000e1f80000)
 Metaspace       used 10583K, capacity 10742K, committed 11008K, reserved 1058816K
  class space    used 1327K, capacity 1411K, committed 1536K, reserved 1048576K
}
Event: 3.107 GC heap before
{Heap before GC invocations=5 (full 0):
 PSYoungGen      total 35840K, used 35824K [0x00000000f5900000, 0x00000000f7d00000, 0x0000000100000000)
  eden space 34816K, 100% used [0x00000000f5900000,0x00000000f7b00000,0x00000000f7b00000)
  from space 1024K, 98% used [0x00000000f7c00000,0x00000000f7cfc010,0x00000000f7d00000)
  to   space 1024K, 0% used [0x00000000f7b00000,0x00000000f7b00000,0x00000000f7c00000)
 ParOldGen       total 22016K, used 7393K [0x00000000e0a00000, 0x00000000e1f80000, 0x00000000f5900000)
  object space 22016K, 33% used [0x00000000e0a00000,0x00000000e1138648,0x00000000e1f80000)
 Metaspace       used 13681K, capacity 13842K, committed 14208K, reserved 1060864K
  class space    used 1712K, capacity 1799K, committed 1920K, reserved 1048576K
Event: 3.134 GC heap after
Heap after GC invocations=5 (full 0):
 PSYoungGen      total 35840K, used 992K [0x00000000f5900000, 0x00000000fa700000, 0x0000000100000000)
  eden space 34816K, 0% used [0x00000000f5900000,0x00000000f5900000,0x00000000f7b00000)
  from space 1024K, 96% used [0x00000000f7b00000,0x00000000f7bf8040,0x00000000f7c00000)
  to   space 5120K, 0% used [0x00000000fa200000,0x00000000fa200000,0x00000000fa700000)
 ParOldGen       total 22016K, used 10886K [0x00000000e0a00000, 0x00000000e1f80000, 0x00000000f5900000)
  object space 22016K, 49% used [0x00000000e0a00000,0x00000000e14a1b70,0x00000000e1f80000)
 Metaspace       used 13681K, capacity 13842K, committed 14208K, reserved 1060864K
  class space    used 1712K, capacity 1799K, committed 1920K, reserved 1048576K
}
Event: 4.264 GC heap before
{Heap before GC invocations=6 (full 0):
 PSYoungGen      total 35840K, used 35808K [0x00000000f5900000, 0x00000000fa700000, 0x0000000100000000)
  eden space 34816K, 100% used [0x00000000f5900000,0x00000000f7b00000,0x00000000f7b00000)
  from space 1024K, 96% used [0x00000000f7b00000,0x00000000f7bf8040,0x00000000f7c00000)
  to   space 5120K, 0% used [0x00000000fa200000,0x00000000fa200000,0x00000000fa700000)
 ParOldGen       total 22016K, used 10886K [0x00000000e0a00000, 0x00000000e1f80000, 0x00000000f5900000)
  object space 22016K, 49% used [0x00000000e0a00000,0x00000000e14a1b70,0x00000000e1f80000)
 Metaspace       used 15831K, capacity 16070K, committed 16128K, reserved 1062912K
  class space    used 1929K, capacity 2036K, committed 2048K, reserved 1048576K
Event: 4.336 GC heap after
Heap after GC invocations=6 (full 0):
 PSYoungGen      total 74240K, used 4514K [0x00000000f5900000, 0x00000000fa800000, 0x0000000100000000)
  eden space 69120K, 0% used [0x00000000f5900000,0x00000000f5900000,0x00000000f9c80000)
  from space 5120K, 88% used [0x00000000fa200000,0x00000000fa668a38,0x00000000fa700000)
  to   space 5632K, 0% used [0x00000000f9c80000,0x00000000f9c80000,0x00000000fa200000)
 ParOldGen       total 22016K, used 10894K [0x00000000e0a00000, 0x00000000e1f80000, 0x00000000f5900000)
  object space 22016K, 49% used [0x00000000e0a00000,0x00000000e14a3b70,0x00000000e1f80000)
 Metaspace       used 15831K, capacity 16070K, committed 16128K, reserved 1062912K
  class space    used 1929K, capacity 2036K, committed 2048K, reserved 1048576K
}
Event: 5.909 GC heap before
{Heap before GC invocations=7 (full 0):
 PSYoungGen      total 74240K, used 73634K [0x00000000f5900000, 0x00000000fa800000, 0x0000000100000000)
  eden space 69120K, 100% used [0x00000000f5900000,0x00000000f9c80000,0x00000000f9c80000)
  from space 5120K, 88% used [0x00000000fa200000,0x00000000fa668a38,0x00000000fa700000)
  to   space 5632K, 0% used [0x00000000f9c80000,0x00000000f9c80000,0x00000000fa200000)
 ParOldGen       total 22016K, used 10894K [0x00000000e0a00000, 0x00000000e1f80000, 0x00000000f5900000)
  object space 22016K, 49% used [0x00000000e0a00000,0x00000000e14a3b70,0x00000000e1f80000)
 Metaspace       used 17140K, capacity 17470K, committed 17536K, reserved 1064960K
  class space    used 2031K, capacity 2143K, committed 2176K, reserved 1048576K

